# JRE version: Java(TM) SE Runtime Environment (17.0.9+11) (build 17.0.9+11-LTS-201)
# Java VM: Java HotSpot(TM) 64-Bit Server VM (17.0.9+11-LTS-201, mixed mode, sharing, tiered, compressed oops, compressed class ptrs, g1 gc, windows-amd64)
GC Precious Log:
 CPUs: 8 total, 8 available
 Memory: 8025M
 Large Page Support: Disabled
 NUMA Support: Disabled
 Compressed Oops: Enabled (32-bit)
 Heap Region Size: 1M
 Heap Min Capacity: 8M
 Heap Initial Capacity: 126M
 Heap Max Capacity: 2G
 Pre-touch: Disabled
 Parallel Workers: 8
 Concurrent Workers: 2
 Concurrent Refinement Workers: 8
 Periodic GC: Disabled
Heap:
 garbage-first heap   total 335872K, used 241644K [0x0000000080000000, 0x0000000100000000)
  region size 1024K, 3 young (3072K), 3 survivors (3072K)
 Metaspace       used 114028K, committed 115392K, reserved 557056K
  class space    used 15530K, committed 16192K, reserved 425984K
GC Heap History (20 events):
Event: 140.733 GC heap after
{Heap after GC invocations=62 (full 0):
 garbage-first heap   total 335872K, used 191377K [0x0000000080000000, 0x0000000100000000)
  region size 1024K, 14 young (14336K), 14 survivors (14336K)
 Metaspace       used 111809K, committed 112960K, reserved 557056K
  class space    used 15371K, committed 15936K, reserved 425984K
}
Event: 143.063 GC heap before
{Heap before GC invocations=62 (full 0):
 garbage-first heap   total 335872K, used 279441K [0x0000000080000000, 0x0000000100000000)
  region size 1024K, 100 young (102400K), 14 survivors (14336K)
 Metaspace       used 112225K, committed 113344K, reserved 557056K
  class space    used 15393K, committed 15936K, reserved 425984K
}
Event: 143.111 GC heap after
{Heap after GC invocations=63 (full 0):
 garbage-first heap   total 335872K, used 205102K [0x0000000080000000, 0x0000000100000000)
  region size 1024K, 13 young (13312K), 13 survivors (13312K)
 Metaspace       used 112225K, committed 113344K, reserved 557056K
  class space    used 15393K, committed 15936K, reserved 425984K
}
Event: 144.337 GC heap before
{Heap before GC invocations=63 (full 0):
 garbage-first heap   total 335872K, used 277806K [0x0000000080000000, 0x0000000100000000)
  region size 1024K, 84 young (86016K), 13 survivors (13312K)
 Metaspace       used 112559K, committed 113792K, reserved 557056K
  class space    used 15433K, committed 16000K, reserved 425984K
}
Event: 144.387 GC heap after
{Heap after GC invocations=64 (full 0):
 garbage-first heap   total 335872K, used 209822K [0x0000000080000000, 0x0000000100000000)
  region size 1024K, 5 young (5120K), 5 survivors (5120K)
 Metaspace       used 112559K, committed 113792K, reserved 557056K
  class space    used 15433K, committed 16000K, reserved 425984K
}
Event: 1821.597 GC heap before
{Heap before GC invocations=64 (full 0):
 garbage-first heap   total 335872K, used 281502K [0x0000000080000000, 0x0000000100000000)
  region size 1024K, 75 young (76800K), 5 survivors (5120K)
 Metaspace       used 112984K, committed 114240K, reserved 557056K
  class space    used 15451K, committed 16064K, reserved 425984K
}
Event: 1822.164 GC heap after
{Heap after GC invocations=65 (full 0):
 garbage-first heap   total 335872K, used 208896K [0x0000000080000000, 0x0000000100000000)
  region size 1024K, 4 young (4096K), 4 survivors (4096K)
 Metaspace       used 112984K, committed 114240K, reserved 557056K
  class space    used 15451K, committed 16064K, reserved 425984K
}
Event: 2407.232 GC heap before
{Heap before GC invocations=65 (full 0):
 garbage-first heap   total 335872K, used 220160K [0x0000000080000000, 0x0000000100000000)
  region size 1024K, 16 young (16384K), 4 survivors (4096K)
 Metaspace       used 112992K, committed 114240K, reserved 557056K
  class space    used 15451K, committed 16064K, reserved 425984K
}
Event: 2407.308 GC heap after
{Heap after GC invocations=66 (full 0):
 garbage-first heap   total 335872K, used 209256K [0x0000000080000000, 0x0000000100000000)
  region size 1024K, 2 young (2048K), 2 survivors (2048K)
 Metaspace       used 112992K, committed 114240K, reserved 557056K
  class space    used 15451K, committed 16064K, reserved 425984K
}
Event: 2420.491 GC heap before
{Heap before GC invocations=66 (full 0):
 garbage-first heap   total 335872K, used 274792K [0x0000000080000000, 0x0000000100000000)
  region size 1024K, 66 young (67584K), 2 survivors (2048K)
 Metaspace       used 113357K, committed 114688K, reserved 557056K
  class space    used 15478K, committed 16128K, reserved 425984K
}
Event: 2420.542 GC heap after
{Heap after GC invocations=67 (full 0):
 garbage-first heap   total 335872K, used 218186K [0x0000000080000000, 0x0000000100000000)
  region size 1024K, 9 young (9216K), 9 survivors (9216K)
 Metaspace       used 113357K, committed 114688K, reserved 557056K
  class space    used 15478K, committed 16128K, reserved 425984K
}
Event: 2420.619 GC heap before
{Heap before GC invocations=67 (full 0):
 garbage-first heap   total 335872K, used 224330K [0x0000000080000000, 0x0000000100000000)
  region size 1024K, 16 young (16384K), 9 survivors (9216K)
 Metaspace       used 113363K, committed 114688K, reserved 557056K
  class space    used 15479K, committed 16128K, reserved 425984K
}
Event: 2420.675 GC heap after
{Heap after GC invocations=68 (full 0):
 garbage-first heap   total 335872K, used 220258K [0x0000000080000000, 0x0000000100000000)
  region size 1024K, 2 young (2048K), 2 survivors (2048K)
 Metaspace       used 113363K, committed 114688K, reserved 557056K
  class space    used 15479K, committed 16128K, reserved 425984K
}
Event: 2421.649 GC heap before
{Heap before GC invocations=68 (full 0):
 garbage-first heap   total 335872K, used 269410K [0x0000000080000000, 0x0000000100000000)
  region size 1024K, 50 young (51200K), 2 survivors (2048K)
 Metaspace       used 113548K, committed 114816K, reserved 557056K
  class space    used 15487K, committed 16128K, reserved 425984K
}
Event: 2421.665 GC heap after
{Heap after GC invocations=69 (full 0):
 garbage-first heap   total 335872K, used 228034K [0x0000000080000000, 0x0000000100000000)
  region size 1024K, 7 young (7168K), 7 survivors (7168K)
 Metaspace       used 113548K, committed 114816K, reserved 557056K
  class space    used 15487K, committed 16128K, reserved 425984K
}
Event: 2422.384 GC heap before
{Heap before GC invocations=69 (full 0):
 garbage-first heap   total 335872K, used 266946K [0x0000000080000000, 0x0000000100000000)
  region size 1024K, 46 young (47104K), 7 survivors (7168K)
 Metaspace       used 113749K, committed 115072K, reserved 557056K
  class space    used 15496K, committed 16128K, reserved 425984K
}
Event: 2422.415 GC heap after
{Heap after GC invocations=70 (full 0):
 garbage-first heap   total 335872K, used 234649K [0x0000000080000000, 0x0000000100000000)
  region size 1024K, 6 young (6144K), 6 survivors (6144K)
 Metaspace       used 113749K, committed 115072K, reserved 557056K
  class space    used 15496K, committed 16128K, reserved 425984K
}
Event: 2422.834 GC heap before
{Heap before GC invocations=70 (full 0):
 garbage-first heap   total 335872K, used 279705K [0x0000000080000000, 0x0000000100000000)
  region size 1024K, 50 young (51200K), 6 survivors (6144K)
 Metaspace       used 113856K, committed 115200K, reserved 557056K
  class space    used 15501K, committed 16128K, reserved 425984K
}
Event: 2422.855 GC heap after
{Heap after GC invocations=71 (full 0):
 garbage-first heap   total 335872K, used 239206K [0x0000000080000000, 0x0000000100000000)
  region size 1024K, 5 young (5120K), 5 survivors (5120K)
 Metaspace       used 113856K, committed 115200K, reserved 557056K
  class space    used 15501K, committed 16128K, reserved 425984K
}
Event: 2423.411 GC heap before
{Heap before GC invocations=71 (full 0):
 garbage-first heap   total 335872K, used 282214K [0x0000000080000000, 0x0000000100000000)
  region size 1024K, 47 young (48128K), 5 survivors (5120K)
 Metaspace       used 114028K, committed 115392K, reserved 557056K
  class space    used 15530K, committed 16192K, reserved 425984K
}

