# JRE version: Java(TM) SE Runtime Environment (17.0.9+11) (build 17.0.9+11-LTS-201)
# Java VM: Java HotSpot(TM) 64-Bit Server VM (17.0.9+11-LTS-201, mixed mode, sharing, tiered, compressed oops, compressed class ptrs, g1 gc, windows-amd64)
GC Precious Log:
 CPUs: 8 total, 8 available
 Memory: 8025M
 Large Page Support: Disabled
 NUMA Support: Disabled
 Compressed Oops: Enabled (32-bit)
 Heap Region Size: 1M
 Heap Min Capacity: 8M
 Heap Initial Capacity: 126M
 Heap Max Capacity: 2G
 Pre-touch: Disabled
 Parallel Workers: 8
 Concurrent Workers: 2
 Concurrent Refinement Workers: 8
 Periodic GC: Disabled
Heap:
 garbage-first heap   total 403456K, used 187312K [0x0000000080000000, 0x0000000100000000)
  region size 1024K, 6 young (6144K), 6 survivors (6144K)
 Metaspace       used 151481K, committed 152768K, reserved 622592K
  class space    used 20394K, committed 20992K, reserved 425984K
GC Heap History (20 events):
Event: 46.227 GC heap after
{Heap after GC invocations=54 (full 0):
 garbage-first heap   total 278528K, used 231104K [0x0000000080000000, 0x0000000100000000)
  region size 1024K, 2 young (2048K), 2 survivors (2048K)
 Metaspace       used 129871K, committed 131072K, reserved 557056K
  class space    used 17465K, committed 18048K, reserved 425984K
}
Event: 46.277 GC heap before
{Heap before GC invocations=54 (full 0):
 garbage-first heap   total 278528K, used 242368K [0x0000000080000000, 0x0000000100000000)
  region size 1024K, 13 young (13312K), 2 survivors (2048K)
 Metaspace       used 129929K, committed 131136K, reserved 557056K
  class space    used 17477K, committed 18048K, reserved 425984K
}
Event: 46.281 GC heap after
{Heap after GC invocations=55 (full 0):
 garbage-first heap   total 278528K, used 234259K [0x0000000080000000, 0x0000000100000000)
  region size 1024K, 2 young (2048K), 2 survivors (2048K)
 Metaspace       used 129929K, committed 131136K, reserved 557056K
  class space    used 17477K, committed 18048K, reserved 425984K
}
Event: 46.641 GC heap before
{Heap before GC invocations=55 (full 0):
 garbage-first heap   total 278528K, used 244499K [0x0000000080000000, 0x0000000100000000)
  region size 1024K, 13 young (13312K), 2 survivors (2048K)
 Metaspace       used 130494K, committed 131712K, reserved 557056K
  class space    used 17554K, committed 18112K, reserved 425984K
}
Event: 46.646 GC heap after
{Heap after GC invocations=56 (full 0):
 garbage-first heap   total 278528K, used 234978K [0x0000000080000000, 0x0000000100000000)
  region size 1024K, 1 young (1024K), 1 survivors (1024K)
 Metaspace       used 130494K, committed 131712K, reserved 557056K
  class space    used 17554K, committed 18112K, reserved 425984K
}
Event: 47.161 GC heap before
{Heap before GC invocations=56 (full 0):
 garbage-first heap   total 278528K, used 246242K [0x0000000080000000, 0x0000000100000000)
  region size 1024K, 13 young (13312K), 1 survivors (1024K)
 Metaspace       used 130551K, committed 131712K, reserved 557056K
  class space    used 17561K, committed 18112K, reserved 425984K
}
Event: 47.168 GC heap after
{Heap after GC invocations=57 (full 0):
 garbage-first heap   total 278528K, used 235263K [0x0000000080000000, 0x0000000100000000)
  region size 1024K, 1 young (1024K), 1 survivors (1024K)
 Metaspace       used 130551K, committed 131712K, reserved 557056K
  class space    used 17561K, committed 18112K, reserved 425984K
}
Event: 48.216 GC heap before
{Heap before GC invocations=57 (full 0):
 garbage-first heap   total 403456K, used 240383K [0x0000000080000000, 0x0000000100000000)
  region size 1024K, 13 young (13312K), 1 survivors (1024K)
 Metaspace       used 130449K, committed 131776K, reserved 557056K
  class space    used 17566K, committed 18176K, reserved 425984K
}
Event: 48.220 GC heap after
{Heap after GC invocations=58 (full 0):
 garbage-first heap   total 403456K, used 229631K [0x0000000080000000, 0x0000000100000000)
  region size 1024K, 2 young (2048K), 2 survivors (2048K)
 Metaspace       used 130449K, committed 131776K, reserved 557056K
  class space    used 17566K, committed 18176K, reserved 425984K
}
Event: 51.717 GC heap before
{Heap before GC invocations=59 (full 0):
 garbage-first heap   total 403456K, used 328959K [0x0000000080000000, 0x0000000100000000)
  region size 1024K, 100 young (102400K), 2 survivors (2048K)
 Metaspace       used 131960K, committed 133120K, reserved 557056K
  class space    used 17782K, committed 18368K, reserved 425984K
}
Event: 51.725 GC heap after
{Heap after GC invocations=60 (full 0):
 garbage-first heap   total 403456K, used 228698K [0x0000000080000000, 0x0000000100000000)
  region size 1024K, 5 young (5120K), 5 survivors (5120K)
 Metaspace       used 131960K, committed 133120K, reserved 557056K
  class space    used 17782K, committed 18368K, reserved 425984K
}
Event: 122.288 GC heap before
{Heap before GC invocations=60 (full 0):
 garbage-first heap   total 403456K, used 243034K [0x0000000080000000, 0x0000000100000000)
  region size 1024K, 19 young (19456K), 5 survivors (5120K)
 Metaspace       used 132242K, committed 133376K, reserved 557056K
  class space    used 17811K, committed 18368K, reserved 425984K
}
Event: 122.369 GC heap after
{Heap after GC invocations=61 (full 0):
 garbage-first heap   total 403456K, used 201778K [0x0000000080000000, 0x0000000100000000)
  region size 1024K, 2 young (2048K), 2 survivors (2048K)
 Metaspace       used 132242K, committed 133376K, reserved 557056K
  class space    used 17811K, committed 18368K, reserved 425984K
}
Event: 125.379 GC heap before
{Heap before GC invocations=61 (full 0):
 garbage-first heap   total 403456K, used 325682K [0x0000000080000000, 0x0000000100000000)
  region size 1024K, 124 young (126976K), 2 survivors (2048K)
 Metaspace       used 137447K, committed 138752K, reserved 557056K
  class space    used 18529K, committed 19136K, reserved 425984K
}
Event: 125.414 GC heap after
{Heap after GC invocations=62 (full 0):
 garbage-first heap   total 403456K, used 208907K [0x0000000080000000, 0x0000000100000000)
  region size 1024K, 9 young (9216K), 9 survivors (9216K)
 Metaspace       used 137447K, committed 138752K, reserved 557056K
  class space    used 18529K, committed 19136K, reserved 425984K
}
Event: 127.172 GC heap before
{Heap before GC invocations=63 (full 0):
 garbage-first heap   total 403456K, used 335883K [0x0000000080000000, 0x0000000100000000)
  region size 1024K, 129 young (132096K), 9 survivors (9216K)
 Metaspace       used 146947K, committed 148288K, reserved 557056K
  class space    used 19750K, committed 20352K, reserved 425984K
}
Event: 127.215 GC heap after
{Heap after GC invocations=64 (full 0):
 garbage-first heap   total 403456K, used 211960K [0x0000000080000000, 0x0000000100000000)
  region size 1024K, 15 young (15360K), 15 survivors (15360K)
 Metaspace       used 146947K, committed 148288K, reserved 557056K
  class space    used 19750K, committed 20352K, reserved 425984K
}
Event: 127.260 GC heap before
{Heap before GC invocations=64 (full 0):
 garbage-first heap   total 403456K, used 215032K [0x0000000080000000, 0x0000000100000000)
  region size 1024K, 19 young (19456K), 15 survivors (15360K)
 Metaspace       used 147292K, committed 148608K, reserved 557056K
  class space    used 19791K, committed 20416K, reserved 425984K
}
Event: 127.454 GC heap after
{Heap after GC invocations=65 (full 0):
 garbage-first heap   total 403456K, used 183784K [0x0000000080000000, 0x0000000100000000)
  region size 1024K, 2 young (2048K), 2 survivors (2048K)
 Metaspace       used 147292K, committed 148608K, reserved 557056K
  class space    used 19791K, committed 20416K, reserved 425984K
}
Event: 132.198 GC heap before
{Heap before GC invocations=65 (full 0):
 garbage-first heap   total 403456K, used 269800K [0x0000000080000000, 0x0000000100000000)
  region size 1024K, 87 young (89088K), 2 survivors (2048K)
 Metaspace       used 151481K, committed 152768K, reserved 622592K
  class space    used 20394K, committed 20992K, reserved 425984K
}

